[handleMsg]:  {
  key: {
    remoteJid: '5215573706941@s.whatsapp.net',
    fromMe: false,
    id: '3EB05DC2A3377AF03DF88E',
    participant: undefined
  },
  messageTimestamp: 1719114128,
  pushName: '⑤⑤⑦③⑦⓪⑥⑨④①',
  broadcast: false,
  message: Message {
    extendedTextMessage: ExtendedTextMessage {
      text: 'elmer',
      contextInfo: [ContextInfo],
      inviteLinkGroupTypeV2: 0
    },
    messageContextInfo: MessageContextInfo {
      deviceListMetadata: [DeviceListMetadata],
      deviceListMetadataVersion: 2
    }
  },
  body: 'elmer',
  from: '5215573706941'
}
[QUEUE_SE_ENVIO]:  {
  ref: 'ans_32b3fcbe-0ad8-4f8a-8850-62fc2b7663f7',
  keyword: 'key_6446b6b8-e280-4016-a095-17223cded7de',
  answer: 'Este es el flujo Welcome...',
  options: {
    media: null,
    buttons: [],
    capture: false,
    child: null,
    delay: 100,
    idle: null,
    ref: null,
    nested: [],
    keyword: {},
    callback: true
  },
  refSerialize: 'd400be027fae2eaf4b9a2575c1d7bb83'
}
[handleMsg]:  {
  key: {
    remoteJid: '5215573706941@s.whatsapp.net',
    fromMe: false,
    id: '407B6BE1C102BFCFDEC09FA3DFFCC9F2',
    participant: undefined
  },
  messageTimestamp: 1719114129,
  pushName: '⑤⑤⑦③⑦⓪⑥⑨④①',
  broadcast: false,
  message: Message {
    protocolMessage: ProtocolMessage {
      key: [MessageKey],
      type: 4,
      ephemeralExpiration: 86400,
      ephemeralSettingTimestamp: [Long],
      disappearingMode: [DisappearingMode]
    },
    messageContextInfo: MessageContextInfo {
      deviceListMetadata: [DeviceListMetadata],
      deviceListMetadataVersion: 2
    }
  },
  body: '',
  from: '5215573706941'
}
[handleMsg]:  {
  key: {
    remoteJid: '5215573706941@s.whatsapp.net',
    fromMe: false,
    id: '3EB05C816CE93DF5800D5C',
    participant: undefined
  },
  messageTimestamp: 1719114131,
  pushName: '⑤⑤⑦③⑦⓪⑥⑨④①',
  broadcast: false,
  message: Message {
    extendedTextMessage: ExtendedTextMessage {
      text: 'casas',
      contextInfo: [ContextInfo],
      inviteLinkGroupTypeV2: 0
    },
    messageContextInfo: MessageContextInfo {
      deviceListMetadata: [DeviceListMetadata],
      deviceListMetadataVersion: 2
    }
  },
  body: 'casas',
  from: '5215573706941'
}
[QUEUE_SE_ENVIO]:  {
  ref: 'ans_32b3fcbe-0ad8-4f8a-8850-62fc2b7663f7',
  keyword: 'key_6446b6b8-e280-4016-a095-17223cded7de',
  answer: 'Este es el flujo Welcome...',
  options: {
    media: null,
    buttons: [],
    capture: false,
    child: null,
    delay: 100,
    idle: null,
    ref: null,
    nested: [],
    keyword: {},
    callback: true
  },
  refSerialize: 'd400be027fae2eaf4b9a2575c1d7bb83'
}
[handleMsg]:  {
  key: {
    remoteJid: '5215573706941@s.whatsapp.net',
    fromMe: false,
    id: 'F95D6B9A55D4DAE2483E877D5A418104',
    participant: undefined
  },
  messageTimestamp: 1719114131,
  pushName: '⑤⑤⑦③⑦⓪⑥⑨④①',
  broadcast: false,
  message: Message {
    protocolMessage: ProtocolMessage {
      key: [MessageKey],
      type: 4,
      ephemeralExpiration: 86400,
      ephemeralSettingTimestamp: [Long],
      disappearingMode: [DisappearingMode]
    },
    messageContextInfo: MessageContextInfo {
      deviceListMetadata: [DeviceListMetadata],
      deviceListMetadataVersion: 2
    }
  },
  body: '',
  from: '5215573706941'
}
